GET - / - Sat, 11 Apr 2020 14:49:34 GMT - 3.300 ms
GET - /favicon.ico - Sat, 11 Apr 2020 14:49:34 GMT - 1.860 ms
GET - /admin/login - Sat, 11 Apr 2020 14:49:39 GMT - 1283.642 ms
POST - /admin/login - Sat, 11 Apr 2020 14:49:49 GMT - 12.108 ms
GET - /admin/dashboard - Sat, 11 Apr 2020 14:49:49 GMT - 52.291 ms
GET - / - Sun, 12 Apr 2020 17:39:21 GMT - 4.634 ms
GET - / - Sun, 12 Apr 2020 17:39:32 GMT - 4.805 ms
GET - / - Mon, 13 Apr 2020 07:18:45 GMT - 6.450 ms
GET - /favicon.ico - Mon, 13 Apr 2020 07:18:45 GMT - 1.687 ms
GET - / - Mon, 13 Apr 2020 07:18:58 GMT - 5.488 ms
GET - / - Mon, 13 Apr 2020 07:18:58 GMT - 0.497 ms
GET - / - Sat, 18 Apr 2020 20:10:52 GMT - 2.086 ms
GET - /favicon.ico - Sat, 18 Apr 2020 20:10:53 GMT - 1.484 ms
GET - /admin/login - Sat, 18 Apr 2020 20:11:01 GMT - 1018.769 ms
POST - /admin/login - Sat, 18 Apr 2020 20:11:06 GMT - 4.083 ms
GET - /admin/login - Sat, 18 Apr 2020 20:11:06 GMT - 11.429 ms
POST - /admin/login - Sat, 18 Apr 2020 20:11:14 GMT - 0.605 ms
GET - /admin/dashboard - Sat, 18 Apr 2020 20:11:14 GMT - 44.603 ms
GET - /admin/dashboard - Sat, 18 Apr 2020 20:11:18 GMT - 25.234 ms
GET - /admin/dashboard - Sat, 18 Apr 2020 20:11:19 GMT - 25.604 ms
GET - /admin/dashboard - Sat, 18 Apr 2020 20:13:36 GMT - 1094.444 ms
GET - /admin/dashboard - Sat, 18 Apr 2020 20:14:23 GMT - 856.821 ms
GET - /admin/logout - Sat, 18 Apr 2020 20:14:35 GMT - 5.545 ms
GET - /admin/login - Sat, 18 Apr 2020 20:14:35 GMT - 11.967 ms
POST - /admin/login - Sat, 18 Apr 2020 20:14:45 GMT - 0.449 ms
GET - /admin/dashboard - Sat, 18 Apr 2020 20:14:45 GMT - 33.027 ms
GET - /admin/dashboard - Sat, 18 Apr 2020 20:14:50 GMT - 26.588 ms
GET - /admin/dashboard - Sat, 18 Apr 2020 20:15:00 GMT - 1057.776 ms
GET - /admin/dashboard - Sat, 18 Apr 2020 20:15:54 GMT - 1023.330 ms
GET - /admin/logout - Sat, 18 Apr 2020 20:15:56 GMT - 5.066 ms
GET - /admin/login - Sat, 18 Apr 2020 20:15:56 GMT - 8.245 ms
POST - /admin/login - Sat, 18 Apr 2020 20:16:02 GMT - 0.434 ms
GET - /admin/dashboard - Sat, 18 Apr 2020 20:16:02 GMT - 23.506 ms
GET - /admin/logout - Sat, 18 Apr 2020 20:16:08 GMT - 0.511 ms
GET - /admin/login - Sat, 18 Apr 2020 20:16:08 GMT - 12.491 ms
POST - /admin/login - Sat, 18 Apr 2020 20:18:00 GMT - 4.888 ms
GET - /admin/dashboard - Sat, 18 Apr 2020 20:18:01 GMT - 1041.438 ms
GET - /admin/logout - Sat, 18 Apr 2020 20:18:37 GMT - 5.570 ms
GET - /admin/login - Sat, 18 Apr 2020 20:18:38 GMT - 1004.525 ms
GET - /admin/dashboard - Sat, 18 Apr 2020 20:18:47 GMT - 41.383 ms
GET - /admin/logout - Sat, 18 Apr 2020 20:18:50 GMT - 1.003 ms
GET - /admin/login - Sat, 18 Apr 2020 20:18:50 GMT - 13.949 ms
POST - /admin/login - Sat, 18 Apr 2020 20:19:00 GMT - 0.487 ms
GET - /admin/dashboard - Sat, 18 Apr 2020 20:19:00 GMT - 30.186 ms
GET - /admin/logout - Sat, 18 Apr 2020 20:19:03 GMT - 1.083 ms
GET - /admin/login - Sat, 18 Apr 2020 20:19:03 GMT - 10.370 ms
GET - /admin/ - Sat, 18 Apr 2020 20:19:50 GMT - 5.450 ms
GET - /admin/login - Sat, 18 Apr 2020 20:19:51 GMT - 1049.449 ms
POST - /admin/login - Sat, 18 Apr 2020 20:19:59 GMT - 0.474 ms
GET - /admin/dashboard - Sat, 18 Apr 2020 20:19:59 GMT - 39.470 ms
GET - / - Sat, 18 Apr 2020 20:20:04 GMT - 0.429 ms
GET - /admin - Sat, 18 Apr 2020 20:20:15 GMT - 0.562 ms
GET - /admin/dashboard - Sat, 18 Apr 2020 20:20:15 GMT - 33.008 ms
GET - /admin/logout - Sun, 19 Apr 2020 15:19:52 GMT - 5.143 ms
GET - /admin/login - Sun, 19 Apr 2020 15:19:53 GMT - 989.328 ms
POST - /admin/login - Sun, 19 Apr 2020 15:20:01 GMT - 0.527 ms
GET - /admin/login - Sun, 19 Apr 2020 15:20:01 GMT - 9.938 ms
POST - /admin/login - Sun, 19 Apr 2020 15:20:08 GMT - 0.440 ms
GET - /admin/dashboard - Sun, 19 Apr 2020 15:20:08 GMT - 43.688 ms
GET - /admin/dashboard - Sun, 19 Apr 2020 15:20:10 GMT - 24.241 ms
POST - /admin/approve - Sun, 19 Apr 2020 15:20:12 GMT - 0.466 ms
GET - /admin/dashboard - Sun, 19 Apr 2020 15:20:12 GMT - 26.933 ms
POST - /admin/approve - Sun, 19 Apr 2020 15:20:13 GMT - 0.339 ms
GET - /admin/dashboard - Sun, 19 Apr 2020 15:20:13 GMT - 21.384 ms
GET - /admin - Sun, 19 Apr 2020 15:20:15 GMT - 0.346 ms
GET - /admin/dashboard - Sun, 19 Apr 2020 15:20:15 GMT - 20.027 ms
GET - /admin/logout - Sun, 19 Apr 2020 15:20:19 GMT - 0.299 ms
GET - /admin/login - Sun, 19 Apr 2020 15:20:19 GMT - 6.934 ms
GET - /admin/ - Sun, 19 Apr 2020 15:20:23 GMT - 0.228 ms
GET - /admin/login - Sun, 19 Apr 2020 15:20:23 GMT - 7.819 ms
GET - / - Sun, 19 Apr 2020 17:18:38 GMT - 1.637 ms
GET - /admin - Sun, 19 Apr 2020 17:18:43 GMT - 5.092 ms
GET - /admin/login - Sun, 19 Apr 2020 17:18:44 GMT - 1087.508 ms
GET - /admin/login - Sun, 19 Apr 2020 17:18:57 GMT - 14.049 ms
GET - /admin/login - Sun, 19 Apr 2020 17:19:30 GMT - 1032.759 ms
GET - /admin/login - Sun, 19 Apr 2020 17:19:34 GMT - 10.637 ms
GET - /admin/login - Sun, 19 Apr 2020 17:21:12 GMT - 1038.095 ms
GET - /admin/login - Sun, 19 Apr 2020 17:21:19 GMT - 14.657 ms
POST - /admin/login - Sun, 19 Apr 2020 17:21:27 GMT - 6.522 ms
GET - /admin/dashboard - Sun, 19 Apr 2020 17:21:27 GMT - 42.574 ms
GET - /admin/dashboard - Sun, 19 Apr 2020 17:26:57 GMT - 5.002 ms
GET - /admin/login - Sun, 19 Apr 2020 17:26:58 GMT - 1077.586 ms
GET - /admin/dashboard - Sun, 19 Apr 2020 17:27:05 GMT - 0.492 ms
GET - /admin/login - Sun, 19 Apr 2020 17:27:05 GMT - 10.807 ms
POST - /admin/login - Sun, 19 Apr 2020 17:27:13 GMT - 0.539 ms
GET - /admin/dashboard - Sun, 19 Apr 2020 17:27:13 GMT - 41.400 ms
GET - /admin/dashboard - Sun, 19 Apr 2020 17:27:16 GMT - 23.391 ms
POST - /admin/approve - Sun, 19 Apr 2020 17:27:18 GMT - 0.384 ms
GET - /admin/dashboard - Sun, 19 Apr 2020 17:27:18 GMT - 25.255 ms
POST - /admin/approve - Sun, 19 Apr 2020 17:27:18 GMT - 0.379 ms
GET - /admin/dashboard - Sun, 19 Apr 2020 17:27:18 GMT - 18.433 ms
GET - /admin/dashboard - Sun, 19 Apr 2020 17:27:25 GMT - 20.648 ms
GET - /admin/logout - Sun, 19 Apr 2020 17:27:28 GMT - 0.366 ms
GET - /admin/login - Sun, 19 Apr 2020 17:27:28 GMT - 6.652 ms
GET - /admin/ - Sun, 19 Apr 2020 17:27:33 GMT - 0.358 ms
GET - /admin/login - Sun, 19 Apr 2020 17:27:33 GMT - 7.506 ms
GET - /admin/dashboard - Sun, 19 Apr 2020 17:27:35 GMT - 0.289 ms
GET - /admin/login - Sun, 19 Apr 2020 17:27:35 GMT - 6.518 ms
GET - /admin - Mon, 20 Apr 2020 13:37:20 GMT - 8.633 ms
GET - /admin/login - Mon, 20 Apr 2020 13:37:22 GMT - 1042.393 ms
GET - /favicon.ico - Mon, 20 Apr 2020 13:37:22 GMT - 1.077 ms
POST - /admin/login - Mon, 20 Apr 2020 13:40:24 GMT - 1.503 ms
GET - /admin/dashboard - Mon, 20 Apr 2020 13:40:24 GMT - 41.633 ms
GET - /admin - Sun, 03 May 2020 14:45:03 GMT - 16.506 ms
GET - /admin/login - Sun, 03 May 2020 14:45:04 GMT - 1180.096 ms
GET - / - Sun, 03 May 2020 17:15:46 GMT - 1.699 ms
GET - /admin - Sun, 03 May 2020 17:26:15 GMT - 5.731 ms
GET - /admin/login - Sun, 03 May 2020 17:26:15 GMT - 1.176 ms
GET - /admin/login - Sun, 03 May 2020 17:26:39 GMT - 0.596 ms
GET - /admin/ - Sun, 03 May 2020 17:26:42 GMT - 0.486 ms
GET - /admin/login - Sun, 03 May 2020 17:26:42 GMT - 0.285 ms
GET - /admin/login - Sun, 03 May 2020 17:28:43 GMT - 1067.868 ms
GET - /favicon.ico - Sun, 03 May 2020 17:28:43 GMT - 1.201 ms
GET - / - Sun, 03 May 2020 18:08:22 GMT - 1.805 ms
GET - /admin - Sun, 03 May 2020 18:14:52 GMT - 5.274 ms
GET - /admin/login - Sun, 03 May 2020 18:14:54 GMT - 1120.355 ms
POST - /admin/login - Sun, 03 May 2020 18:15:02 GMT - 1.648 ms
GET - /admin/dashboard - Sun, 03 May 2020 18:15:02 GMT - 45.131 ms
GET - /admin/logout - Sun, 03 May 2020 18:15:59 GMT - 5.571 ms
GET - /admin/login - Sun, 03 May 2020 18:16:00 GMT - 1076.490 ms
POST - /admin/login - Sun, 03 May 2020 18:17:14 GMT - 4.690 ms
GET - /admin/login - Sun, 03 May 2020 18:17:15 GMT - 1079.550 ms
POST - /admin/login - Sun, 03 May 2020 18:17:21 GMT - 0.471 ms
GET - /admin/dashboard - Sun, 03 May 2020 18:17:21 GMT - 43.356 ms
POST - /admin/moderate - Sun, 03 May 2020 18:17:27 GMT - 0.652 ms
GET - /admin/dashboard - Sun, 03 May 2020 18:17:27 GMT - 34.845 ms
POST - /admin/moderate - Sun, 03 May 2020 18:17:29 GMT - 0.409 ms
GET - /admin/dashboard - Sun, 03 May 2020 18:17:29 GMT - 27.290 ms
GET - /admin/logout - Sun, 03 May 2020 18:17:31 GMT - 0.438 ms
GET - /admin/login - Sun, 03 May 2020 18:17:31 GMT - 10.962 ms
GET - /api/posts - Sun, 03 May 2020 18:20:08 GMT - 1.957 ms
GET - /api/post/2 - Sun, 03 May 2020 18:28:40 GMT - 2.079 ms
GET - /api/post/6 - Sun, 03 May 2020 18:28:50 GMT - 0.484 ms
POST - /api/post - Sun, 03 May 2020 18:29:37 GMT - 1.085 ms
POST - /api/post/5 - Sun, 03 May 2020 18:30:05 GMT - 0.360 ms
POST - /api/post - Sun, 03 May 2020 18:30:14 GMT - 0.304 ms
POST - /api/post - Sun, 03 May 2020 18:30:30 GMT - 2.089 ms
DELETE - /api/post/12 - Sun, 03 May 2020 18:30:46 GMT - 0.516 ms
DELETE - /api/hello - Sun, 03 May 2020 18:31:58 GMT - 1.792 ms
POST - /api/hello - Sun, 03 May 2020 18:35:55 GMT - 1.579 ms
POST - /api/post - Sun, 03 May 2020 18:36:04 GMT - 0.730 ms
POST - /api/post - Sun, 03 May 2020 18:36:19 GMT - 0.357 ms
DELETE - /api/post/25 - Sun, 03 May 2020 18:36:52 GMT - 0.238 ms
DELETE - /api/post/25 - Sun, 03 May 2020 18:37:02 GMT - 0.198 ms
GET - / - Mon, 04 May 2020 07:50:38 GMT - 2.657 ms
GET - /favicon.ico - Mon, 04 May 2020 07:50:39 GMT - 1.288 ms
GET - / - Fri, 08 May 2020 07:49:44 GMT - 2.594 ms
GET - /favicon.ico - Fri, 08 May 2020 07:49:44 GMT - 1.061 ms
GET - /api/posts - Fri, 08 May 2020 07:52:11 GMT - 1.226 ms
GET - /api/posts - Fri, 08 May 2020 07:53:01 GMT - 1.723 ms
GET - /api/posts - Fri, 08 May 2020 07:53:02 GMT - 0.369 ms
GET - /api/posts - Fri, 08 May 2020 07:53:32 GMT - 1.757 ms
GET - /api/posts - Fri, 08 May 2020 07:53:40 GMT - 1.355 ms
GET - /api/posts - Tue, 12 May 2020 06:44:30 GMT - 1.243 ms
GET - /api/posts - Tue, 12 May 2020 06:44:34 GMT - 1.474 ms
GET - /api/posts - Tue, 12 May 2020 06:44:38 GMT - 0.316 ms
GET - /api/posts - Tue, 12 May 2020 06:44:42 GMT - 0.539 ms
GET - /api/posts - Tue, 12 May 2020 11:20:19 GMT - 0.926 ms
GET - /admin - Tue, 12 May 2020 11:20:22 GMT - 0.610 ms
GET - /api/posts - Tue, 12 May 2020 11:20:52 GMT - 0.370 ms
GET - /admin - Tue, 12 May 2020 11:28:54 GMT - 1.117 ms
GET - /admin/login - Tue, 12 May 2020 11:28:59 GMT - 1.170 ms
GET - /api/posts - Tue, 12 May 2020 11:30:02 GMT - 3.636 ms
GET - /api/posts - Tue, 12 May 2020 11:30:04 GMT - 0.344 ms
GET - /api/posts - Tue, 12 May 2020 11:30:32 GMT - 0.299 ms
GET - /admin - Tue, 12 May 2020 11:30:39 GMT - 5.225 ms
GET - /admin/login - Tue, 12 May 2020 11:30:40 GMT - 1170.809 ms
GET - /api/posts - Tue, 12 May 2020 11:31:18 GMT - 1.419 ms
GET - /signup - Tue, 12 May 2020 11:32:31 GMT - 3.171 ms
GET - /admin/signup - Tue, 12 May 2020 11:32:38 GMT - 1089.392 ms
GET - /assets/js/main.signup.js - Tue, 12 May 2020 11:32:38 GMT - 3.650 ms
GET - /api/posts - Tue, 12 May 2020 11:33:22 GMT - 0.448 ms
GET - /admin/signup - Tue, 12 May 2020 11:33:27 GMT - 14.814 ms
GET - /assets/js/main.signup.js - Tue, 12 May 2020 11:33:27 GMT - 0.473 ms
POST - /admin/signup - Tue, 12 May 2020 11:35:04 GMT - 6.369 ms
GET - /admin/login - Tue, 12 May 2020 11:35:05 GMT - 1103.366 ms
GET - /admin/signup - Tue, 12 May 2020 11:35:16 GMT - 14.637 ms
GET - /admin/signup - Tue, 12 May 2020 11:35:37 GMT - 1058.143 ms
GET - /admin/signup - Tue, 12 May 2020 11:35:56 GMT - 12.003 ms
POST - /admin/signup - Tue, 12 May 2020 11:36:12 GMT - 2.992 ms
GET - /admin/login - Tue, 12 May 2020 11:36:12 GMT - 10.944 ms
GET - /admin/signup - Tue, 12 May 2020 11:43:46 GMT - 1172.190 ms
POST - /admin/signup - Tue, 12 May 2020 11:44:14 GMT - 490.424 ms
GET - /admin/login - Tue, 12 May 2020 11:44:14 GMT - 12.323 ms
GET - /admin/signup - Tue, 12 May 2020 14:39:53 GMT - 18.890 ms
POST - /admin/signup - Tue, 12 May 2020 14:40:14 GMT - 3455.930 ms
GET - /admin/login - Tue, 12 May 2020 14:40:14 GMT - 11.763 ms
POST - /admin/login - Tue, 12 May 2020 14:54:53 GMT - 669.027 ms
GET - /admin/login - Tue, 12 May 2020 14:54:54 GMT - 1241.268 ms
POST - /admin/login - Tue, 12 May 2020 14:55:28 GMT - 696.003 ms
GET - /admin/login - Tue, 12 May 2020 14:55:28 GMT - 14.987 ms
POST - /admin/login - Tue, 12 May 2020 14:56:41 GMT - 752.948 ms
GET - /admin/login - Tue, 12 May 2020 14:56:42 GMT - 1103.638 ms
POST - /admin/login - Tue, 12 May 2020 14:57:13 GMT - 697.567 ms
GET - /admin/login - Tue, 12 May 2020 14:57:14 GMT - 1147.123 ms
POST - /admin/login - Tue, 12 May 2020 14:57:58 GMT - 1641.898 ms
GET - /admin/login - Tue, 12 May 2020 14:57:59 GMT - 1247.273 ms
POST - /admin/login - Tue, 12 May 2020 14:58:40 GMT - 765.462 ms
GET - /admin/login - Tue, 12 May 2020 14:58:42 GMT - 1222.791 ms
POST - /admin/login - Tue, 12 May 2020 15:04:05 GMT - 814.781 ms
GET - /admin/dashboard - Tue, 12 May 2020 15:04:07 GMT - 1362.840 ms
GET - /admin/logout - Tue, 12 May 2020 15:04:25 GMT - 2.186 ms
GET - /admin/login - Tue, 12 May 2020 15:04:25 GMT - 14.681 ms
GET - /admin/dashboard - Tue, 12 May 2020 15:04:30 GMT - 0.477 ms
GET - /admin/login - Tue, 12 May 2020 15:04:30 GMT - 12.454 ms
GET - /api/posts - Wed, 13 May 2020 19:11:47 GMT - 2.794 ms
POST - /api/login - Wed, 13 May 2020 19:12:05 GMT - 0.405 ms
GET - /api/posts - Wed, 13 May 2020 19:12:05 GMT - 0.275 ms
GET - /api/posts - Wed, 13 May 2020 19:12:10 GMT - 0.217 ms
GET - /api/posts - Wed, 13 May 2020 19:13:14 GMT - 0.994 ms
POST - /api/login - Wed, 13 May 2020 19:24:45 GMT - 679.121 ms
GET - /api/posts - Wed, 13 May 2020 19:24:46 GMT - 1.205 ms
GET - /api/posts - Wed, 13 May 2020 19:24:56 GMT - 0.357 ms
GET - /api/posts - Wed, 13 May 2020 19:25:01 GMT - 0.264 ms
POST - /api/verify - Wed, 13 May 2020 19:25:01 GMT - 0.389 ms
GET - /api/posts - Wed, 13 May 2020 19:29:51 GMT - 1.537 ms
POST - /api/login - Wed, 13 May 2020 19:30:02 GMT - 694.804 ms
GET - /api/posts - Wed, 13 May 2020 19:30:02 GMT - 0.718 ms
GET - /api/posts - Wed, 13 May 2020 19:30:06 GMT - 0.264 ms
POST - /api/verify - Wed, 13 May 2020 19:30:06 GMT - 0.364 ms
GET - /api/posts - Wed, 13 May 2020 19:30:08 GMT - 0.197 ms
POST - /api/verify - Wed, 13 May 2020 19:30:08 GMT - 0.309 ms
GET - /api/posts - Wed, 13 May 2020 19:30:09 GMT - 0.206 ms
POST - /api/verify - Wed, 13 May 2020 19:30:09 GMT - 0.126 ms
POST - /api/verify - Wed, 13 May 2020 19:30:09 GMT - 0.137 ms
GET - /api/posts - Wed, 13 May 2020 19:30:09 GMT - 0.141 ms
POST - /api/signup - Wed, 13 May 2020 19:30:30 GMT - 410.411 ms
GET - /api/posts - Wed, 13 May 2020 19:30:30 GMT - 0.303 ms
GET - /api/posts - Wed, 13 May 2020 19:30:35 GMT - 0.174 ms
POST - /api/verify - Wed, 13 May 2020 19:30:35 GMT - 0.377 ms
POST - /api/verify - Wed, 13 May 2020 19:30:36 GMT - 0.152 ms
GET - /api/posts - Wed, 13 May 2020 19:30:36 GMT - 0.144 ms
GET - /api/posts - Wed, 13 May 2020 19:30:37 GMT - 0.206 ms
POST - /api/verify - Wed, 13 May 2020 19:30:37 GMT - 0.139 ms
GET - /api/posts - Wed, 13 May 2020 19:30:40 GMT - 0.260 ms
GET - /api/posts - Wed, 13 May 2020 19:34:28 GMT - 0.183 ms
GET - /api/post/undefined - Wed, 13 May 2020 19:34:30 GMT - 0.412 ms
GET - /api/posts - Wed, 13 May 2020 19:34:34 GMT - 0.184 ms
GET - /api/posts - Wed, 13 May 2020 19:34:36 GMT - 0.158 ms
POST - /api/verify - Wed, 13 May 2020 19:34:36 GMT - 0.131 ms
POST - /api/verify - Wed, 13 May 2020 19:37:18 GMT - 1.678 ms
GET - /api/posts - Wed, 13 May 2020 19:37:19 GMT - 283.700 ms
POST - /api/post - Wed, 13 May 2020 19:40:00 GMT - 449.114 ms
GET - /api/posts - Wed, 13 May 2020 19:40:00 GMT - 752.064 ms
POST - /api/verify - Wed, 13 May 2020 19:40:14 GMT - 0.398 ms
GET - /api/posts - Wed, 13 May 2020 19:40:14 GMT - 646.100 ms
POST - /api/verify - Wed, 13 May 2020 19:41:59 GMT - 1.661 ms
GET - /api/posts - Wed, 13 May 2020 19:41:59 GMT - 683.401 ms
DELETE - /api/post/5ebc4d0f83e7ec26f0da602f - Wed, 13 May 2020 19:43:20 GMT - - ms
DELETE - /api/post/5ebc4d0f83e7ec26f0da602f - Wed, 13 May 2020 19:43:20 GMT - - ms
DELETE - /api/post/5ebc4d0f83e7ec26f0da602f - Wed, 13 May 2020 19:43:20 GMT - - ms
GET - /api/posts - Wed, 13 May 2020 19:43:20 GMT - 280.588 ms
GET - /api/posts - Wed, 13 May 2020 19:43:22 GMT - 315.477 ms
GET - /api/posts - Wed, 13 May 2020 19:43:23 GMT - 352.891 ms
GET - /api/posts - Wed, 13 May 2020 19:44:36 GMT - 1.621 ms
POST - /api/login - Wed, 13 May 2020 19:50:31 GMT - 748.152 ms
GET - /api/posts - Wed, 13 May 2020 19:50:31 GMT - 1.021 ms
GET - /api/posts - Wed, 13 May 2020 19:50:33 GMT - 0.364 ms
POST - /api/verify - Wed, 13 May 2020 19:50:34 GMT - 281.784 ms
GET - /api/posts - Wed, 13 May 2020 19:50:35 GMT - 0.374 ms
POST - /api/verify - Wed, 13 May 2020 19:50:35 GMT - 363.412 ms
GET - /api/posts - Wed, 13 May 2020 19:50:36 GMT - 0.196 ms
POST - /api/verify - Wed, 13 May 2020 19:50:36 GMT - 309.136 ms
GET - /api/posts - Wed, 13 May 2020 19:53:40 GMT - 1.407 ms
POST - /api/verify - Wed, 13 May 2020 19:53:41 GMT - 390.431 ms
GET - /api/posts - Wed, 13 May 2020 19:54:01 GMT - 0.267 ms
POST - /api/login - Wed, 13 May 2020 19:54:31 GMT - 811.313 ms
GET - /api/posts - Wed, 13 May 2020 19:54:31 GMT - 0.220 ms
GET - /api/posts - Wed, 13 May 2020 19:55:37 GMT - 1.932 ms
GET - /api/posts - Wed, 13 May 2020 19:55:39 GMT - 0.401 ms
POST - /api/verify - Wed, 13 May 2020 19:55:39 GMT - 372.051 ms
GET - /api/posts - Wed, 13 May 2020 19:55:41 GMT - 0.258 ms
POST - /api/verify - Wed, 13 May 2020 19:55:41 GMT - 354.079 ms
GET - /api/posts - Wed, 13 May 2020 19:59:44 GMT - 947.186 ms
GET - /api/posts - Wed, 13 May 2020 19:59:45 GMT - 352.064 ms
POST - /api/verify - Wed, 13 May 2020 19:59:45 GMT - 702.126 ms
POST - /api/post - Wed, 13 May 2020 20:03:31 GMT - 824.171 ms
GET - /api/posts - Wed, 13 May 2020 20:03:32 GMT - 850.528 ms
GET - /api/post/5ebc52937735592863e4cffa - Wed, 13 May 2020 20:03:37 GMT - 922.716 ms
GET - /api/posts - Wed, 13 May 2020 20:03:41 GMT - 867.542 ms
POST - /api/post - Wed, 13 May 2020 20:04:14 GMT - 730.944 ms
GET - /api/posts - Wed, 13 May 2020 20:04:15 GMT - 928.923 ms
DELETE - /api/post/5ebc52937735592863e4cffa - Wed, 13 May 2020 20:04:24 GMT - 750.935 ms
GET - /api/posts - Wed, 13 May 2020 20:04:25 GMT - 748.246 ms
POST - /api/login - Wed, 13 May 2020 20:05:51 GMT - 967.900 ms
GET - /api/posts - Wed, 13 May 2020 20:05:52 GMT - 809.588 ms
POST - /api/post - Wed, 13 May 2020 20:05:56 GMT - 742.972 ms
GET - /api/posts - Wed, 13 May 2020 20:05:56 GMT - 724.569 ms
DELETE - /api/post/5ebc53237735592863e4cffc - Wed, 13 May 2020 20:06:03 GMT - 743.476 ms
GET - /api/posts - Wed, 13 May 2020 20:06:04 GMT - 746.626 ms
POST - /api/verify - Thu, 14 May 2020 12:38:46 GMT - 537.590 ms
GET - /api/posts - Thu, 14 May 2020 12:38:47 GMT - 860.152 ms
GET - /api/posts - Thu, 14 May 2020 12:39:04 GMT - 610.872 ms
POST - /api/post - Thu, 14 May 2020 13:23:10 GMT - 727.862 ms
GET - /api/posts - Thu, 14 May 2020 13:23:10 GMT - 683.516 ms
GET - /admin - Thu, 14 May 2020 13:27:45 GMT - 5.911 ms
GET - /admin/login - Thu, 14 May 2020 13:27:47 GMT - 1171.884 ms
POST - /admin/login - Thu, 14 May 2020 13:27:53 GMT - 643.427 ms
GET - /admin/dashboard - Thu, 14 May 2020 13:27:54 GMT - 605.467 ms
GET - /admin/dashboard - Thu, 14 May 2020 13:29:08 GMT - 618.431 ms
POST - /admin/moderate - Thu, 14 May 2020 13:31:40 GMT - 5.012 ms
GET - /admin/login - Thu, 14 May 2020 13:31:41 GMT - 1081.104 ms
POST - /admin/login - Thu, 14 May 2020 13:31:50 GMT - 717.724 ms
GET - /admin/dashboard - Thu, 14 May 2020 13:31:51 GMT - 759.668 ms
POST - /admin/moderate - Thu, 14 May 2020 13:31:54 GMT - 389.006 ms
GET - /admin/dashboard - Thu, 14 May 2020 13:31:54 GMT - 332.114 ms
POST - /api/verify - Thu, 14 May 2020 13:32:01 GMT - 780.963 ms
GET - /api/posts - Thu, 14 May 2020 13:32:01 GMT - 1098.673 ms
POST - /api/post - Thu, 14 May 2020 13:32:18 GMT - 599.139 ms
GET - /api/posts - Thu, 14 May 2020 13:32:18 GMT - 566.894 ms
GET - /admin/dashboard - Thu, 14 May 2020 13:32:22 GMT - 671.828 ms
POST - /admin/moderate - Thu, 14 May 2020 13:32:26 GMT - 291.218 ms
GET - /admin/dashboard - Thu, 14 May 2020 13:32:27 GMT - 301.078 ms
POST - /api/verify - Thu, 14 May 2020 13:32:30 GMT - 289.089 ms
GET - /api/posts - Thu, 14 May 2020 13:32:30 GMT - 558.961 ms
DELETE - /api/post/5ebd48614369436809faba09 - Thu, 14 May 2020 13:32:42 GMT - 754.400 ms
GET - /api/posts - Thu, 14 May 2020 13:32:43 GMT - 610.984 ms
GET - /admin - Thu, 14 May 2020 20:10:36 GMT - 7.580 ms
GET - /admin/login - Thu, 14 May 2020 20:10:37 GMT - 1141.305 ms
POST - /admin/login - Thu, 14 May 2020 20:10:43 GMT - 652.756 ms
GET - /admin/dashboard - Thu, 14 May 2020 20:10:44 GMT - 596.096 ms
GET - /admin/dashboard - Thu, 14 May 2020 20:10:48 GMT - 667.517 ms
GET - /admin/logout - Thu, 14 May 2020 20:17:13 GMT - 7.339 ms
GET - /admin/login - Thu, 14 May 2020 20:17:14 GMT - 1175.704 ms
GET - /api/posts - Thu, 14 May 2020 20:17:49 GMT - 644.705 ms
POST - /api/login - Thu, 14 May 2020 20:18:01 GMT - 804.641 ms
GET - /api/posts - Thu, 14 May 2020 20:18:01 GMT - 773.170 ms
POST - /api/verify - Thu, 14 May 2020 20:18:03 GMT - 332.436 ms
GET - /api/posts - Thu, 14 May 2020 20:18:03 GMT - 1001.300 ms
POST - /admin/login - Thu, 14 May 2020 20:21:42 GMT - 819.315 ms
GET - /admin/dashboard - Thu, 14 May 2020 20:21:44 GMT - 1771.624 ms
GET - /admin/dashboard - Thu, 14 May 2020 20:21:48 GMT - 669.166 ms
GET - /admin/logout - Thu, 14 May 2020 20:22:29 GMT - 1.790 ms
GET - /admin/login - Thu, 14 May 2020 20:22:29 GMT - 16.030 ms
POST - /api/verify - Wed, 20 May 2020 18:18:43 GMT - 586.184 ms
GET - /api/posts - Wed, 20 May 2020 18:18:43 GMT - 916.701 ms
GET - /somecheck - Sat, 23 May 2020 20:19:40 GMT - 316.729 ms
GET - /somecheck - Sat, 23 May 2020 20:19:55 GMT - 423.032 ms
GET - /somecheck - Sat, 23 May 2020 20:19:58 GMT - 330.253 ms
GET - /somecheck - Sat, 23 May 2020 20:19:59 GMT - 331.328 ms
GET - /somecheck - Sat, 23 May 2020 20:20:02 GMT - 291.597 ms
GET - /somecheck - Sat, 23 May 2020 20:21:30 GMT - 666.444 ms
GET - /somecheck - Sat, 23 May 2020 20:23:29 GMT - 1011.128 ms
GET - /somecheck - Sat, 23 May 2020 20:23:41 GMT - 689.146 ms
GET - /admin/dashboard - Sat, 23 May 2020 20:25:56 GMT - 6.916 ms
GET - /admin/login - Sat, 23 May 2020 20:25:57 GMT - 1111.615 ms
GET - /admin/dashboard - Sat, 23 May 2020 20:26:55 GMT - 5.101 ms
GET - /admin/login - Sat, 23 May 2020 20:26:56 GMT - 964.563 ms
POST - /admin/login - Sat, 23 May 2020 20:27:04 GMT - 778.080 ms
GET - /admin/dashboard - Sat, 23 May 2020 20:27:04 GMT - 632.274 ms
GET - /admin/dashboard - Sat, 23 May 2020 20:27:07 GMT - 603.513 ms
GET - /admin/ - Sat, 23 May 2020 20:27:14 GMT - 0.400 ms
GET - /admin/dashboard - Sat, 23 May 2020 20:27:15 GMT - 728.682 ms
GET - /admin/logout - Sat, 23 May 2020 20:27:18 GMT - 0.465 ms
GET - /admin/login - Sat, 23 May 2020 20:27:18 GMT - 10.458 ms
GET - /admin/dashboard - Sat, 23 May 2020 20:27:23 GMT - 0.331 ms
GET - /admin/login - Sat, 23 May 2020 20:27:23 GMT - 7.982 ms
GET - /api/posts - Sun, 24 May 2020 12:54:50 GMT - 614.885 ms
GET - /admin/dashboard - Sun, 24 May 2020 12:54:56 GMT - 4.517 ms
GET - /admin/login - Sun, 24 May 2020 12:54:57 GMT - 1193.667 ms
GET - /api/posts - Sun, 24 May 2020 19:19:37 GMT - 2599.191 ms
POST - /api/login - Sun, 24 May 2020 19:19:44 GMT - 698.650 ms
GET - /api/posts - Sun, 24 May 2020 19:19:44 GMT - 687.050 ms
POST - /api/verify - Sun, 24 May 2020 19:47:46 GMT - 2312.360 ms
GET - /api/posts - Sun, 24 May 2020 19:47:47 GMT - 2726.661 ms
GET - /admin - Sun, 24 May 2020 19:47:49 GMT - 8.049 ms
GET - /admin/login - Sun, 24 May 2020 19:47:50 GMT - 1127.562 ms
POST - /admin/login - Sun, 24 May 2020 19:47:56 GMT - 355.242 ms
GET - /admin/login - Sun, 24 May 2020 19:47:56 GMT - 8.731 ms
POST - /admin/login - Sun, 24 May 2020 19:48:01 GMT - 646.014 ms
GET - /admin/dashboard - Sun, 24 May 2020 19:48:02 GMT - 1337.870 ms
POST - /api/verify - Sun, 24 May 2020 19:48:08 GMT - 284.610 ms
GET - /api/posts - Sun, 24 May 2020 19:48:08 GMT - 604.463 ms
POST - /api/post - Sun, 24 May 2020 19:48:20 GMT - 895.959 ms
GET - /api/posts - Sun, 24 May 2020 19:48:21 GMT - 665.212 ms
GET - /admin/dashboard - Sun, 24 May 2020 19:48:24 GMT - 1025.985 ms
GET - /admin/logout - Sun, 24 May 2020 19:53:22 GMT - 0.811 ms
GET - /admin/login - Sun, 24 May 2020 19:53:22 GMT - 14.629 ms
POST - /api/verify - Wed, 27 May 2020 16:38:15 GMT - 2819.725 ms
GET - /api/posts - Wed, 27 May 2020 16:38:15 GMT - 3143.916 ms
GET - /api/post/5ebc52be7735592863e4cffb - Wed, 27 May 2020 17:09:56 GMT - 2758.834 ms
GET - /api/posts - Wed, 27 May 2020 17:10:00 GMT - 596.950 ms
POST - /api/verify - Wed, 27 May 2020 17:18:32 GMT - 306.793 ms
GET - /api/posts - Wed, 27 May 2020 17:18:33 GMT - 937.664 ms
GET - /api/posts - Wed, 27 May 2020 17:18:45 GMT - 0.519 ms
POST - /api/verify - Wed, 27 May 2020 17:18:45 GMT - 296.125 ms
GET - /api/posts - Wed, 27 May 2020 17:19:00 GMT - 2.640 ms
POST - /api/verify - Wed, 27 May 2020 17:19:00 GMT - 361.203 ms
GET - /api/posts - Wed, 27 May 2020 17:19:04 GMT - 1.791 ms
POST - /api/verify - Wed, 27 May 2020 17:19:05 GMT - 412.982 ms
GET - /api/posts - Wed, 27 May 2020 17:19:06 GMT - 1.734 ms
POST - /api/verify - Wed, 27 May 2020 17:19:06 GMT - 303.112 ms
POST - /api/verify - Wed, 27 May 2020 17:20:34 GMT - 307.852 ms
GET - /api/posts - Wed, 27 May 2020 17:20:34 GMT - 915.591 ms
GET - /api/posts - Wed, 27 May 2020 17:20:39 GMT - 3.169 ms
POST - /api/verify - Wed, 27 May 2020 17:20:39 GMT - 295.101 ms
GET - /api/posts - Wed, 27 May 2020 17:20:58 GMT - 0.452 ms
GET - /api/posts - Wed, 27 May 2020 17:21:10 GMT - 32.277 ms
POST - /api/verify - Wed, 27 May 2020 17:21:11 GMT - 319.764 ms
GET - /api/posts - Wed, 27 May 2020 17:21:13 GMT - 0.673 ms
POST - /api/verify - Wed, 27 May 2020 17:21:14 GMT - 311.905 ms
GET - /api/post/5ebc52be7735592863e4cffb - Wed, 27 May 2020 17:21:16 GMT - 581.429 ms
GET - /api/posts - Wed, 27 May 2020 17:21:23 GMT - 1.047 ms
GET - /api/post/5ebc52be7735592863e4cffb - Wed, 27 May 2020 17:21:24 GMT - 1.396 ms
GET - /api/posts - Wed, 27 May 2020 17:21:26 GMT - 1.021 ms
GET - /api/post/5ebc52be7735592863e4cffb - Wed, 27 May 2020 17:21:27 GMT - 1.727 ms
GET - /api/posts - Wed, 27 May 2020 17:22:30 GMT - 3.780 ms
GET - /api/posts - Wed, 27 May 2020 17:22:31 GMT - 1.019 ms
POST - /api/verify - Wed, 27 May 2020 17:22:32 GMT - 378.088 ms
POST - /api/post - Wed, 27 May 2020 17:22:55 GMT - 785.792 ms
GET - /api/posts - Wed, 27 May 2020 17:22:56 GMT - 798.341 ms
GET - /api/posts - Wed, 27 May 2020 17:23:03 GMT - 0.444 ms
POST - /api/verify - Wed, 27 May 2020 17:23:03 GMT - 288.426 ms
GET - /api/post/5ecea1ef993c0529039cbd19 - Wed, 27 May 2020 17:23:06 GMT - 840.572 ms
GET - /api/posts - Wed, 27 May 2020 17:23:07 GMT - 0.484 ms
GET - /api/post/5ecea1ef993c0529039cbd19 - Wed, 27 May 2020 17:23:08 GMT - 2.418 ms
GET - /api/posts - Wed, 27 May 2020 17:23:10 GMT - 0.494 ms
GET - /api/post/5ebc52be7735592863e4cffb - Wed, 27 May 2020 17:23:11 GMT - 0.473 ms
GET - /api/posts - Wed, 27 May 2020 17:23:12 GMT - 0.416 ms
GET - /api/post/5ecea1ef993c0529039cbd19 - Wed, 27 May 2020 17:23:13 GMT - 0.537 ms
GET - /api/posts - Wed, 27 May 2020 17:23:14 GMT - 2.879 ms
GET - /api/posts - Wed, 27 May 2020 17:24:23 GMT - 83.329 ms
POST - /api/verify - Wed, 27 May 2020 17:24:23 GMT - 314.195 ms
DELETE - /api/post/5ecea1ef993c0529039cbd19 - Wed, 27 May 2020 17:24:29 GMT - 614.870 ms
GET - /api/posts - Wed, 27 May 2020 17:24:30 GMT - 609.992 ms
GET - /api/posts - Wed, 27 May 2020 17:24:35 GMT - 0.469 ms
POST - /api/verify - Wed, 27 May 2020 17:24:36 GMT - 302.199 ms
GET - /api/post/5ebc52be7735592863e4cffb - Wed, 27 May 2020 17:24:40 GMT - 605.606 ms
GET - /api/posts - Wed, 27 May 2020 17:24:40 GMT - 0.673 ms
GET - /api/post/5ebc52be7735592863e4cffb - Wed, 27 May 2020 17:24:41 GMT - 0.524 ms
GET - /api/posts - Wed, 27 May 2020 17:24:42 GMT - 1.620 ms
POST - /api/verify - Fri, 29 May 2020 11:45:25 GMT - 3105.884 ms
GET - /api/posts - Fri, 29 May 2020 11:45:25 GMT - 3459.373 ms
GET - /admin - Fri, 29 May 2020 11:57:44 GMT - 7.754 ms
GET - /admin/login - Fri, 29 May 2020 11:57:45 GMT - 1214.024 ms
POST - /admin/login - Fri, 29 May 2020 11:57:51 GMT - 752.509 ms
GET - /admin/dashboard - Fri, 29 May 2020 11:57:52 GMT - 1261.875 ms
GET - /admin/dashboard - Fri, 29 May 2020 11:57:55 GMT - 963.169 ms
GET - /admin/dashboard - Fri, 29 May 2020 11:57:59 GMT - 1210.541 ms
POST - /api/login - Sat, 06 Jun 2020 06:33:50 GMT - 7.244 ms
POST - /api/signup - Sat, 06 Jun 2020 06:34:18 GMT - 2.040 ms
GET - /admin - Sat, 06 Jun 2020 19:15:25 GMT - 6.657 ms
GET - /admin/login - Sat, 06 Jun 2020 19:15:26 GMT - 1083.932 ms
POST - /api/verify - Wed, 10 Jun 2020 19:31:26 GMT - 579.386 ms
GET - /api/posts - Wed, 10 Jun 2020 19:31:27 GMT - 954.954 ms
GET - /api/posts - Wed, 10 Jun 2020 19:31:36 GMT - 0.927 ms
POST - /api/verify - Sun, 18 Feb 2024 12:06:03 GMT - 54.615 ms
GET - /api/posts - Sun, 18 Feb 2024 12:06:03 GMT - 70.323 ms
GET - /api/posts - Sun, 18 Feb 2024 12:06:10 GMT - 1.862 ms
GET - /api/posts - Sun, 18 Feb 2024 12:06:15 GMT - 0.459 ms
